<?xml version="1.0" encoding="UTF-8"?>
<testng-results skipped="0" failed="0" total="1" passed="1">
  <reporter-output>
  </reporter-output>
  <suite name="Default suite" duration-ms="49838" started-at="2016-11-28T06:16:25Z" finished-at="2016-11-28T06:17:14Z">
    <groups>
    </groups>
    <test name="Default test" duration-ms="49838" started-at="2016-11-28T06:16:25Z" finished-at="2016-11-28T06:17:14Z">
      <class name="ERPTesting.AddUser">
        <test-method status="PASS" signature="setUp()[pri:0, instance:ERPTesting.AddUser@6093dd95]" name="setUp" is-config="true" duration-ms="9801" started-at="2016-11-28T11:46:25Z" finished-at="2016-11-28T11:46:34Z">
          <reporter-output>
          </reporter-output>
        </test-method> <!-- setUp -->
        <test-method status="PASS" signature="testERP()[pri:0, instance:ERPTesting.AddUser@6093dd95]" name="testERP" duration-ms="40010" started-at="2016-11-28T11:46:34Z" finished-at="2016-11-28T11:47:14Z">
          <reporter-output>
          </reporter-output>
        </test-method> <!-- testERP -->
      </class> <!-- ERPTesting.AddUser -->
    </test> <!-- Default test -->
  </suite> <!-- Default suite -->
</testng-results>
